Using pre-set license
Built from '2020.3/staging' branch; Version is '2020.3.32f1 (12f8b0834f07) revision 1243312'; Using compiler version '192528614'; Build Type 'Release'
OS: 'Windows 11  (10.0.22000) 64bit Professional' Language: 'en' Physical Memory: 16309 MB
BatchMode: 1, IsHumanControllingUs: 0, StartBugReporterOnCrash: 0, Is64bit: 1, IsPro: 0

COMMAND LINE ARGUMENTS:
C:\Program Files\Unity\Hub\Editor\2020.3.32f1\Editor\Unity.exe
-adb2
-batchMode
-noUpm
-name
AssetImportWorker0
-projectPath
C:/Users/lutfi/Desktop/hhhhhhhh/hhhh
-logFile
Logs/AssetImportWorker0.log
-srvPort
59525
Successfully changed project path to: C:/Users/lutfi/Desktop/hhhhhhhh/hhhh
C:/Users/lutfi/Desktop/hhhhhhhh/hhhh
Using Asset Import Pipeline V2.
Refreshing native plugins compatible for Editor in 44.21 ms, found 5 plugins.
Preloading 0 native plugins for Editor in 0.00 ms.
Initialize engine version: 2020.3.32f1 (12f8b0834f07)
[Subsystems] Discovering subsystems at path C:/Program Files/Unity/Hub/Editor/2020.3.32f1/Editor/Data/Resources/UnitySubsystems
[Subsystems] Discovering subsystems at path C:/Users/lutfi/Desktop/hhhhhhhh/hhhh/Assets
GfxDevice: creating device client; threaded=0
Direct3D:
    Version:  Direct3D 11.0 [level 11.1]
    Renderer: NVIDIA GeForce GTX 1070 (ID=0x1b81)
    Vendor:   
    VRAM:     8088 MB
    Driver:   30.0.15.1165
Initialize mono
Mono path[0] = 'C:/Program Files/Unity/Hub/Editor/2020.3.32f1/Editor/Data/Managed'
Mono path[1] = 'C:/Program Files/Unity/Hub/Editor/2020.3.32f1/Editor/Data/MonoBleedingEdge/lib/mono/unityjit'
Mono config path = 'C:/Program Files/Unity/Hub/Editor/2020.3.32f1/Editor/Data/MonoBleedingEdge/etc'
Using monoOptions --debugger-agent=transport=dt_socket,embedding=1,server=y,suspend=n,address=127.0.0.1:56932
Begin MonoManager ReloadAssembly
Registering precompiled unity dll's ...
Register platform support module: C:/Program Files/Unity/Hub/Editor/2020.3.32f1/Editor/Data/PlaybackEngines/WebGLSupport/UnityEditor.WebGL.Extensions.dll
Register platform support module: C:/Program Files/Unity/Hub/Editor/2020.3.32f1/Editor/Data/PlaybackEngines/MacStandaloneSupport/UnityEditor.OSXStandalone.Extensions.dll
Register platform support module: C:/Program Files/Unity/Hub/Editor/2020.3.32f1/Editor/Data/PlaybackEngines/WindowsStandaloneSupport/UnityEditor.WindowsStandalone.Extensions.dll
Registered in 0.001919 seconds.
Native extension for WindowsStandalone target not found
Native extension for OSXStandalone target not found
Native extension for WebGL target not found
Refreshing native plugins compatible for Editor in 35.90 ms, found 5 plugins.
Preloading 0 native plugins for Editor in 0.00 ms.
Mono: successfully reloaded assembly
- Completed reload, in  0.522 seconds
Domain Reload Profiling:
	ReloadAssembly (523ms)
		BeginReloadAssembly (51ms)
			ExecutionOrderSort (0ms)
			DisableScriptedObjects (0ms)
			BackupInstance (0ms)
			ReleaseScriptingObjects (0ms)
			CreateAndSetChildDomain (1ms)
		EndReloadAssembly (407ms)
			LoadAssemblies (50ms)
			RebuildTransferFunctionScriptingTraits (0ms)
			SetupTypeCache (139ms)
			ReleaseScriptCaches (0ms)
			RebuildScriptCaches (27ms)
			SetupLoadedEditorAssemblies (150ms)
				LogAssemblyErrors (0ms)
				InitializePlatformSupportModulesInManaged (6ms)
				SetLoadedEditorAssemblies (0ms)
				RefreshPlugins (36ms)
				BeforeProcessingInitializeOnLoad (13ms)
				ProcessInitializeOnLoadAttributes (73ms)
				ProcessInitializeOnLoadMethodAttributes (22ms)
				AfterProcessingInitializeOnLoad (0ms)
				EditorAssembliesLoaded (0ms)
			ExecutionOrderSort2 (0ms)
			AwakeInstancesAfterBackupRestoration (0ms)
Platform modules already initialized, skipping
Registering precompiled user dll's ...
Registered in 0.003703 seconds.
Begin MonoManager ReloadAssembly
Native extension for WindowsStandalone target not found
Native extension for OSXStandalone target not found
Native extension for WebGL target not found
Refreshing native plugins compatible for Editor in 0.52 ms, found 5 plugins.
Preloading 0 native plugins for Editor in 0.00 ms.
Mono: successfully reloaded assembly
- Completed reload, in  0.902 seconds
Domain Reload Profiling:
	ReloadAssembly (902ms)
		BeginReloadAssembly (132ms)
			ExecutionOrderSort (0ms)
			DisableScriptedObjects (4ms)
			BackupInstance (0ms)
			ReleaseScriptingObjects (0ms)
			CreateAndSetChildDomain (21ms)
		EndReloadAssembly (710ms)
			LoadAssemblies (78ms)
			RebuildTransferFunctionScriptingTraits (0ms)
			SetupTypeCache (251ms)
			ReleaseScriptCaches (1ms)
			RebuildScriptCaches (42ms)
			SetupLoadedEditorAssemblies (263ms)
				LogAssemblyErrors (0ms)
				InitializePlatformSupportModulesInManaged (5ms)
				SetLoadedEditorAssemblies (0ms)
				RefreshPlugins (1ms)
				BeforeProcessingInitializeOnLoad (77ms)
				ProcessInitializeOnLoadAttributes (167ms)
				ProcessInitializeOnLoadMethodAttributes (7ms)
				AfterProcessingInitializeOnLoad (5ms)
				EditorAssembliesLoaded (0ms)
			ExecutionOrderSort2 (0ms)
			AwakeInstancesAfterBackupRestoration (9ms)
Platform modules already initialized, skipping
========================================================================
Worker process is ready to serve import requests
Launched and connected shader compiler UnityShaderCompiler.exe after 0.06 seconds
Refreshing native plugins compatible for Editor in 0.73 ms, found 5 plugins.
Preloading 0 native plugins for Editor in 0.00 ms.
Unloading 1707 Unused Serialized files (Serialized files now loaded: 0)
System memory in use before: 85.8 MB.
System memory in use after: 85.9 MB.

Unloading 23 unused Assets to reduce memory usage. Loaded Objects now: 2160.
Total: 2.971400 ms (FindLiveObjects: 0.179300 ms CreateObjectMapping: 0.039300 ms MarkObjects: 2.525800 ms  DeleteObjects: 0.224700 ms)

AssetImportParameters requested are different than current active one (requested -> active):
  custom:framework-win-MediaFoundation: 216162199b28c13a410421893ffa2e32 -> 
  custom:video-decoder-ogg-theora: a1e56fd34408186e4bbccfd4996cb3dc -> 
  custom:container-muxer-webm: aa71ff27fc2769a1b78a27578f13a17b -> 
  custom:container-demuxer-webm: 4f35f7cbe854078d1ac9338744f61a02 -> 
  custom:container-demuxer-ogg: 62fdf1f143b41e24485cea50d1cbac27 -> 
  custom:video-encoder-webm-vp8: eb34c28f22e8b96e1ab97ce403110664 -> 
  custom:video-decoder-webm-vp8: 9c59270c3fd7afecdb556c50c9e8de78 -> 
  custom:audio-decoder-ogg-vorbis: bf7c407c2cedff20999df2af8eb42d56 -> 
  custom:audio-encoder-webm-vorbis: bf7c407c2cedff20999df2af8eb42d56 -> 
========================================================================
Received Import Request.
  path: Assets/SimpleFX/Materials
  artifactKey: Guid(1a880aa666102234c8e382b59aa538b0) Importer(815301076,1909f56bfc062723c751e8b465ee728b)
Start importing Assets/SimpleFX/Materials using Guid(1a880aa666102234c8e382b59aa538b0) Importer(815301076,1909f56bfc062723c751e8b465ee728b)  -> (artifact id: '5be0330e0b80e80924a534cb1a1b9e44') in 0.009501 seconds 
========================================================================
Received Prepare
Refreshing native plugins compatible for Editor in 5.44 ms, found 5 plugins.
Preloading 0 native plugins for Editor in 0.00 ms.
Unloading 17 Unused Serialized files (Serialized files now loaded: 0)
System memory in use before: 50.3 MB.
System memory in use after: 50.4 MB.

Unloading 16 unused Assets to reduce memory usage. Loaded Objects now: 2160.
Total: 3.499600 ms (FindLiveObjects: 0.229100 ms CreateObjectMapping: 0.039000 ms MarkObjects: 3.203800 ms  DeleteObjects: 0.026700 ms)

AssetImportParameters requested are different than current active one (requested -> active):
  custom:framework-win-MediaFoundation: 216162199b28c13a410421893ffa2e32 -> 
  custom:video-decoder-ogg-theora: a1e56fd34408186e4bbccfd4996cb3dc -> 
  custom:container-muxer-webm: aa71ff27fc2769a1b78a27578f13a17b -> 
  custom:container-demuxer-webm: 4f35f7cbe854078d1ac9338744f61a02 -> 
  custom:container-demuxer-ogg: 62fdf1f143b41e24485cea50d1cbac27 -> 
  custom:video-encoder-webm-vp8: eb34c28f22e8b96e1ab97ce403110664 -> 
  custom:video-decoder-webm-vp8: 9c59270c3fd7afecdb556c50c9e8de78 -> 
  custom:audio-decoder-ogg-vorbis: bf7c407c2cedff20999df2af8eb42d56 -> 
  custom:audio-encoder-webm-vorbis: bf7c407c2cedff20999df2af8eb42d56 -> 
========================================================================
Received Import Request.
  Time since last request: 27.507100 seconds.
  path: Assets/Scripts/Rotate.cs
  artifactKey: Guid(ea2153b960755407291e162c6b37b691) Importer(815301076,1909f56bfc062723c751e8b465ee728b)
Start importing Assets/Scripts/Rotate.cs using Guid(ea2153b960755407291e162c6b37b691) Importer(815301076,1909f56bfc062723c751e8b465ee728b)  -> (artifact id: '0aa56382782e84f72fbdc26e43cf1f18') in 0.066559 seconds 
========================================================================
Received Prepare
Registering precompiled user dll's ...
Registered in 0.002717 seconds.
Begin MonoManager ReloadAssembly
Native extension for WindowsStandalone target not found
Native extension for OSXStandalone target not found
Native extension for WebGL target not found
Refreshing native plugins compatible for Editor in 0.54 ms, found 5 plugins.
Preloading 0 native plugins for Editor in 0.00 ms.
Mono: successfully reloaded assembly
- Completed reload, in  0.896 seconds
Domain Reload Profiling:
	ReloadAssembly (897ms)
		BeginReloadAssembly (119ms)
			ExecutionOrderSort (0ms)
			DisableScriptedObjects (5ms)
			BackupInstance (0ms)
			ReleaseScriptingObjects (0ms)
			CreateAndSetChildDomain (42ms)
		EndReloadAssembly (711ms)
			LoadAssemblies (85ms)
			RebuildTransferFunctionScriptingTraits (0ms)
			SetupTypeCache (255ms)
			ReleaseScriptCaches (1ms)
			RebuildScriptCaches (40ms)
			SetupLoadedEditorAssemblies (260ms)
				LogAssemblyErrors (0ms)
				InitializePlatformSupportModulesInManaged (5ms)
				SetLoadedEditorAssemblies (0ms)
				RefreshPlugins (1ms)
				BeforeProcessingInitializeOnLoad (71ms)
				ProcessInitializeOnLoadAttributes (168ms)
				ProcessInitializeOnLoadMethodAttributes (7ms)
				AfterProcessingInitializeOnLoad (6ms)
				EditorAssembliesLoaded (0ms)
			ExecutionOrderSort2 (0ms)
			AwakeInstancesAfterBackupRestoration (5ms)
Platform modules already initialized, skipping
Refreshing native plugins compatible for Editor in 0.64 ms, found 5 plugins.
Preloading 0 native plugins for Editor in 0.00 ms.
Unloading 1680 Unused Serialized files (Serialized files now loaded: 0)
System memory in use before: 83.5 MB.
System memory in use after: 83.6 MB.

Unloading 18 unused Assets to reduce memory usage. Loaded Objects now: 2163.
Total: 3.065700 ms (FindLiveObjects: 0.180200 ms CreateObjectMapping: 0.041200 ms MarkObjects: 2.813400 ms  DeleteObjects: 0.029700 ms)

AssetImportParameters requested are different than current active one (requested -> active):
  custom:framework-win-MediaFoundation: 216162199b28c13a410421893ffa2e32 -> 
  custom:video-decoder-ogg-theora: a1e56fd34408186e4bbccfd4996cb3dc -> 
  custom:container-muxer-webm: aa71ff27fc2769a1b78a27578f13a17b -> 
  custom:container-demuxer-webm: 4f35f7cbe854078d1ac9338744f61a02 -> 
  custom:container-demuxer-ogg: 62fdf1f143b41e24485cea50d1cbac27 -> 
  custom:video-encoder-webm-vp8: eb34c28f22e8b96e1ab97ce403110664 -> 
  custom:video-decoder-webm-vp8: 9c59270c3fd7afecdb556c50c9e8de78 -> 
  custom:audio-decoder-ogg-vorbis: bf7c407c2cedff20999df2af8eb42d56 -> 
  custom:audio-encoder-webm-vorbis: bf7c407c2cedff20999df2af8eb42d56 -> 
========================================================================
Received Prepare
Registering precompiled user dll's ...
Registered in 0.002784 seconds.
Begin MonoManager ReloadAssembly
Native extension for WindowsStandalone target not found
Native extension for OSXStandalone target not found
Native extension for WebGL target not found
Refreshing native plugins compatible for Editor in 0.53 ms, found 5 plugins.
Preloading 0 native plugins for Editor in 0.00 ms.
Mono: successfully reloaded assembly
- Completed reload, in  0.916 seconds
Domain Reload Profiling:
	ReloadAssembly (916ms)
		BeginReloadAssembly (118ms)
			ExecutionOrderSort (0ms)
			DisableScriptedObjects (3ms)
			BackupInstance (0ms)
			ReleaseScriptingObjects (0ms)
			CreateAndSetChildDomain (37ms)
		EndReloadAssembly (739ms)
			LoadAssemblies (95ms)
			RebuildTransferFunctionScriptingTraits (0ms)
			SetupTypeCache (256ms)
			ReleaseScriptCaches (1ms)
			RebuildScriptCaches (39ms)
			SetupLoadedEditorAssemblies (277ms)
				LogAssemblyErrors (0ms)
				InitializePlatformSupportModulesInManaged (5ms)
				SetLoadedEditorAssemblies (0ms)
				RefreshPlugins (1ms)
				BeforeProcessingInitializeOnLoad (73ms)
				ProcessInitializeOnLoadAttributes (185ms)
				ProcessInitializeOnLoadMethodAttributes (7ms)
				AfterProcessingInitializeOnLoad (5ms)
				EditorAssembliesLoaded (0ms)
			ExecutionOrderSort2 (0ms)
			AwakeInstancesAfterBackupRestoration (5ms)
Platform modules already initialized, skipping
Refreshing native plugins compatible for Editor in 0.59 ms, found 5 plugins.
Preloading 0 native plugins for Editor in 0.00 ms.
Unloading 1680 Unused Serialized files (Serialized files now loaded: 0)
System memory in use before: 83.6 MB.
System memory in use after: 83.7 MB.

Unloading 18 unused Assets to reduce memory usage. Loaded Objects now: 2166.
Total: 3.109500 ms (FindLiveObjects: 0.209900 ms CreateObjectMapping: 0.039300 ms MarkObjects: 2.835600 ms  DeleteObjects: 0.023800 ms)

AssetImportParameters requested are different than current active one (requested -> active):
  custom:framework-win-MediaFoundation: 216162199b28c13a410421893ffa2e32 -> 
  custom:video-decoder-ogg-theora: a1e56fd34408186e4bbccfd4996cb3dc -> 
  custom:container-muxer-webm: aa71ff27fc2769a1b78a27578f13a17b -> 
  custom:container-demuxer-webm: 4f35f7cbe854078d1ac9338744f61a02 -> 
  custom:container-demuxer-ogg: 62fdf1f143b41e24485cea50d1cbac27 -> 
  custom:video-encoder-webm-vp8: eb34c28f22e8b96e1ab97ce403110664 -> 
  custom:video-decoder-webm-vp8: 9c59270c3fd7afecdb556c50c9e8de78 -> 
  custom:audio-decoder-ogg-vorbis: bf7c407c2cedff20999df2af8eb42d56 -> 
  custom:audio-encoder-webm-vorbis: bf7c407c2cedff20999df2af8eb42d56 -> 
========================================================================
Received Prepare
Registering precompiled user dll's ...
Registered in 0.002736 seconds.
Begin MonoManager ReloadAssembly
Native extension for WindowsStandalone target not found
Native extension for OSXStandalone target not found
Native extension for WebGL target not found
Refreshing native plugins compatible for Editor in 0.87 ms, found 5 plugins.
Preloading 0 native plugins for Editor in 0.00 ms.
Mono: successfully reloaded assembly
- Completed reload, in  0.949 seconds
Domain Reload Profiling:
	ReloadAssembly (950ms)
		BeginReloadAssembly (101ms)
			ExecutionOrderSort (0ms)
			DisableScriptedObjects (4ms)
			BackupInstance (0ms)
			ReleaseScriptingObjects (0ms)
			CreateAndSetChildDomain (32ms)
		EndReloadAssembly (790ms)
			LoadAssemblies (84ms)
			RebuildTransferFunctionScriptingTraits (0ms)
			SetupTypeCache (252ms)
			ReleaseScriptCaches (1ms)
			RebuildScriptCaches (40ms)
			SetupLoadedEditorAssemblies (323ms)
				LogAssemblyErrors (0ms)
				InitializePlatformSupportModulesInManaged (5ms)
				SetLoadedEditorAssemblies (0ms)
				RefreshPlugins (1ms)
				BeforeProcessingInitializeOnLoad (75ms)
				ProcessInitializeOnLoadAttributes (222ms)
				ProcessInitializeOnLoadMethodAttributes (11ms)
				AfterProcessingInitializeOnLoad (7ms)
				EditorAssembliesLoaded (1ms)
			ExecutionOrderSort2 (0ms)
			AwakeInstancesAfterBackupRestoration (7ms)
Platform modules already initialized, skipping
Refreshing native plugins compatible for Editor in 0.74 ms, found 5 plugins.
Preloading 0 native plugins for Editor in 0.00 ms.
Unloading 1680 Unused Serialized files (Serialized files now loaded: 0)
System memory in use before: 83.6 MB.
System memory in use after: 83.7 MB.

Unloading 18 unused Assets to reduce memory usage. Loaded Objects now: 2169.
Total: 2.939600 ms (FindLiveObjects: 0.169000 ms CreateObjectMapping: 0.038800 ms MarkObjects: 2.703900 ms  DeleteObjects: 0.026900 ms)

AssetImportParameters requested are different than current active one (requested -> active):
  custom:framework-win-MediaFoundation: 216162199b28c13a410421893ffa2e32 -> 
  custom:video-decoder-ogg-theora: a1e56fd34408186e4bbccfd4996cb3dc -> 
  custom:container-muxer-webm: aa71ff27fc2769a1b78a27578f13a17b -> 
  custom:container-demuxer-webm: 4f35f7cbe854078d1ac9338744f61a02 -> 
  custom:container-demuxer-ogg: 62fdf1f143b41e24485cea50d1cbac27 -> 
  custom:video-encoder-webm-vp8: eb34c28f22e8b96e1ab97ce403110664 -> 
  custom:video-decoder-webm-vp8: 9c59270c3fd7afecdb556c50c9e8de78 -> 
  custom:audio-decoder-ogg-vorbis: bf7c407c2cedff20999df2af8eb42d56 -> 
  custom:audio-encoder-webm-vorbis: bf7c407c2cedff20999df2af8eb42d56 -> 
========================================================================
Received Import Request.
  Time since last request: 144.087449 seconds.
  path: Assets/Physics/Player.physicMaterial
  artifactKey: Guid(b6763b57e76e3f647ac49b8e83f8c877) Importer(815301076,1909f56bfc062723c751e8b465ee728b)
Start importing Assets/Physics/Player.physicMaterial using Guid(b6763b57e76e3f647ac49b8e83f8c877) Importer(815301076,1909f56bfc062723c751e8b465ee728b)  -> (artifact id: 'c04e33604c7fc27bef8b80f758e8b093') in 0.029146 seconds 
========================================================================
Received Import Request.
  Time since last request: 14.209726 seconds.
  path: Assets/Physics/CollectableSphere.physicMaterial
  artifactKey: Guid(0aa4c67117431684e94e253cda1d8d72) Importer(815301076,1909f56bfc062723c751e8b465ee728b)
Start importing Assets/Physics/CollectableSphere.physicMaterial using Guid(0aa4c67117431684e94e253cda1d8d72) Importer(815301076,1909f56bfc062723c751e8b465ee728b)  -> (artifact id: 'e2b67e8209d3ebed046efd9208f68544') in 0.008688 seconds 
========================================================================
Received Prepare
Registering precompiled user dll's ...
Registered in 0.002714 seconds.
Begin MonoManager ReloadAssembly
Native extension for WindowsStandalone target not found
Native extension for OSXStandalone target not found
Native extension for WebGL target not found
Refreshing native plugins compatible for Editor in 0.54 ms, found 5 plugins.
Preloading 0 native plugins for Editor in 0.00 ms.
Mono: successfully reloaded assembly
- Completed reload, in  0.925 seconds
Domain Reload Profiling:
	ReloadAssembly (925ms)
		BeginReloadAssembly (96ms)
			ExecutionOrderSort (0ms)
			DisableScriptedObjects (3ms)
			BackupInstance (0ms)
			ReleaseScriptingObjects (0ms)
			CreateAndSetChildDomain (31ms)
		EndReloadAssembly (774ms)
			LoadAssemblies (74ms)
			RebuildTransferFunctionScriptingTraits (0ms)
			SetupTypeCache (235ms)
			ReleaseScriptCaches (1ms)
			RebuildScriptCaches (38ms)
			SetupLoadedEditorAssemblies (343ms)
				LogAssemblyErrors (0ms)
				InitializePlatformSupportModulesInManaged (5ms)
				SetLoadedEditorAssemblies (0ms)
				RefreshPlugins (1ms)
				BeforeProcessingInitializeOnLoad (74ms)
				ProcessInitializeOnLoadAttributes (251ms)
				ProcessInitializeOnLoadMethodAttributes (7ms)
				AfterProcessingInitializeOnLoad (5ms)
				EditorAssembliesLoaded (0ms)
			ExecutionOrderSort2 (0ms)
			AwakeInstancesAfterBackupRestoration (5ms)
Platform modules already initialized, skipping
Refreshing native plugins compatible for Editor in 0.50 ms, found 5 plugins.
Preloading 0 native plugins for Editor in 0.00 ms.
Unloading 1680 Unused Serialized files (Serialized files now loaded: 0)
System memory in use before: 83.6 MB.
System memory in use after: 83.7 MB.

Unloading 18 unused Assets to reduce memory usage. Loaded Objects now: 2172.
Total: 3.001100 ms (FindLiveObjects: 0.157900 ms CreateObjectMapping: 0.038900 ms MarkObjects: 2.780100 ms  DeleteObjects: 0.023300 ms)

AssetImportParameters requested are different than current active one (requested -> active):
  custom:framework-win-MediaFoundation: 216162199b28c13a410421893ffa2e32 -> 
  custom:video-decoder-ogg-theora: a1e56fd34408186e4bbccfd4996cb3dc -> 
  custom:container-muxer-webm: aa71ff27fc2769a1b78a27578f13a17b -> 
  custom:container-demuxer-webm: 4f35f7cbe854078d1ac9338744f61a02 -> 
  custom:container-demuxer-ogg: 62fdf1f143b41e24485cea50d1cbac27 -> 
  custom:video-encoder-webm-vp8: eb34c28f22e8b96e1ab97ce403110664 -> 
  custom:video-decoder-webm-vp8: 9c59270c3fd7afecdb556c50c9e8de78 -> 
  custom:audio-decoder-ogg-vorbis: bf7c407c2cedff20999df2af8eb42d56 -> 
  custom:audio-encoder-webm-vorbis: bf7c407c2cedff20999df2af8eb42d56 -> 
========================================================================
Received Import Request.
  Time since last request: 18.390792 seconds.
  path: Assets/Physics/CollectableSphere.physicMaterial
  artifactKey: Guid(0aa4c67117431684e94e253cda1d8d72) Importer(815301076,1909f56bfc062723c751e8b465ee728b)
Start importing Assets/Physics/CollectableSphere.physicMaterial using Guid(0aa4c67117431684e94e253cda1d8d72) Importer(815301076,1909f56bfc062723c751e8b465ee728b)  -> (artifact id: '9a125024c771c313d3af206d1dec5f43') in 0.014835 seconds 
========================================================================
Received Import Request.
  Time since last request: 2.486385 seconds.
  path: Assets/Physics/CollectableSphere.physicMaterial
  artifactKey: Guid(0aa4c67117431684e94e253cda1d8d72) Importer(815301076,1909f56bfc062723c751e8b465ee728b)
Start importing Assets/Physics/CollectableSphere.physicMaterial using Guid(0aa4c67117431684e94e253cda1d8d72) Importer(815301076,1909f56bfc062723c751e8b465ee728b)  -> (artifact id: 'dd4c2796042fe060e7bd63c72ca35815') in 0.004108 seconds 
========================================================================
Received Prepare
Registering precompiled user dll's ...
Registered in 0.003483 seconds.
Begin MonoManager ReloadAssembly
Native extension for WindowsStandalone target not found
Native extension for OSXStandalone target not found
Native extension for WebGL target not found
Refreshing native plugins compatible for Editor in 0.50 ms, found 5 plugins.
Preloading 0 native plugins for Editor in 0.00 ms.
Mono: successfully reloaded assembly
- Completed reload, in  0.879 seconds
Domain Reload Profiling:
	ReloadAssembly (879ms)
		BeginReloadAssembly (97ms)
			ExecutionOrderSort (0ms)
			DisableScriptedObjects (3ms)
			BackupInstance (0ms)
			ReleaseScriptingObjects (0ms)
			CreateAndSetChildDomain (30ms)
		EndReloadAssembly (727ms)
			LoadAssemblies (79ms)
			RebuildTransferFunctionScriptingTraits (0ms)
			SetupTypeCache (239ms)
			ReleaseScriptCaches (1ms)
			RebuildScriptCaches (44ms)
			SetupLoadedEditorAssemblies (292ms)
				LogAssemblyErrors (0ms)
				InitializePlatformSupportModulesInManaged (5ms)
				SetLoadedEditorAssemblies (0ms)
				RefreshPlugins (1ms)
				BeforeProcessingInitializeOnLoad (82ms)
				ProcessInitializeOnLoadAttributes (192ms)
				ProcessInitializeOnLoadMethodAttributes (7ms)
				AfterProcessingInitializeOnLoad (5ms)
				EditorAssembliesLoaded (0ms)
			ExecutionOrderSort2 (0ms)
			AwakeInstancesAfterBackupRestoration (6ms)
Platform modules already initialized, skipping
Refreshing native plugins compatible for Editor in 0.51 ms, found 5 plugins.
Preloading 0 native plugins for Editor in 0.00 ms.
Unloading 1680 Unused Serialized files (Serialized files now loaded: 0)
System memory in use before: 83.6 MB.
System memory in use after: 83.7 MB.

Unloading 18 unused Assets to reduce memory usage. Loaded Objects now: 2175.
Total: 2.753900 ms (FindLiveObjects: 0.173000 ms CreateObjectMapping: 0.045600 ms MarkObjects: 2.512100 ms  DeleteObjects: 0.022000 ms)

AssetImportParameters requested are different than current active one (requested -> active):
  custom:framework-win-MediaFoundation: 216162199b28c13a410421893ffa2e32 -> 
  custom:video-decoder-ogg-theora: a1e56fd34408186e4bbccfd4996cb3dc -> 
  custom:container-muxer-webm: aa71ff27fc2769a1b78a27578f13a17b -> 
  custom:container-demuxer-webm: 4f35f7cbe854078d1ac9338744f61a02 -> 
  custom:container-demuxer-ogg: 62fdf1f143b41e24485cea50d1cbac27 -> 
  custom:video-encoder-webm-vp8: eb34c28f22e8b96e1ab97ce403110664 -> 
  custom:video-decoder-webm-vp8: 9c59270c3fd7afecdb556c50c9e8de78 -> 
  custom:audio-decoder-ogg-vorbis: bf7c407c2cedff20999df2af8eb42d56 -> 
  custom:audio-encoder-webm-vorbis: bf7c407c2cedff20999df2af8eb42d56 -> 
========================================================================
Received Import Request.
  Time since last request: 39.211486 seconds.
  path: Assets/Physics/CollectableSphere.physicMaterial
  artifactKey: Guid(0aa4c67117431684e94e253cda1d8d72) Importer(815301076,1909f56bfc062723c751e8b465ee728b)
Start importing Assets/Physics/CollectableSphere.physicMaterial using Guid(0aa4c67117431684e94e253cda1d8d72) Importer(815301076,1909f56bfc062723c751e8b465ee728b)  -> (artifact id: 'c6e13531cc08171ea23c9145477a2943') in 0.015853 seconds 
========================================================================
Received Prepare
Registering precompiled user dll's ...
Registered in 0.003321 seconds.
Begin MonoManager ReloadAssembly
Native extension for WindowsStandalone target not found
Native extension for OSXStandalone target not found
Native extension for WebGL target not found
Refreshing native plugins compatible for Editor in 0.56 ms, found 5 plugins.
Preloading 0 native plugins for Editor in 0.00 ms.
Mono: successfully reloaded assembly
- Completed reload, in  0.880 seconds
Domain Reload Profiling:
	ReloadAssembly (881ms)
		BeginReloadAssembly (102ms)
			ExecutionOrderSort (0ms)
			DisableScriptedObjects (4ms)
			BackupInstance (0ms)
			ReleaseScriptingObjects (0ms)
			CreateAndSetChildDomain (30ms)
		EndReloadAssembly (717ms)
			LoadAssemblies (90ms)
			RebuildTransferFunctionScriptingTraits (0ms)
			SetupTypeCache (225ms)
			ReleaseScriptCaches (1ms)
			RebuildScriptCaches (39ms)
			SetupLoadedEditorAssemblies (288ms)
				LogAssemblyErrors (0ms)
				InitializePlatformSupportModulesInManaged (5ms)
				SetLoadedEditorAssemblies (0ms)
				RefreshPlugins (1ms)
				BeforeProcessingInitializeOnLoad (74ms)
				ProcessInitializeOnLoadAttributes (196ms)
				ProcessInitializeOnLoadMethodAttributes (7ms)
				AfterProcessingInitializeOnLoad (5ms)
				EditorAssembliesLoaded (0ms)
			ExecutionOrderSort2 (0ms)
			AwakeInstancesAfterBackupRestoration (6ms)
Platform modules already initialized, skipping
Refreshing native plugins compatible for Editor in 0.54 ms, found 5 plugins.
Preloading 0 native plugins for Editor in 0.00 ms.
Unloading 1680 Unused Serialized files (Serialized files now loaded: 0)
System memory in use before: 83.6 MB.
System memory in use after: 83.7 MB.

Unloading 18 unused Assets to reduce memory usage. Loaded Objects now: 2178.
Total: 3.836800 ms (FindLiveObjects: 0.185700 ms CreateObjectMapping: 0.038900 ms MarkObjects: 3.567900 ms  DeleteObjects: 0.042900 ms)

AssetImportParameters requested are different than current active one (requested -> active):
  custom:framework-win-MediaFoundation: 216162199b28c13a410421893ffa2e32 -> 
  custom:video-decoder-ogg-theora: a1e56fd34408186e4bbccfd4996cb3dc -> 
  custom:container-muxer-webm: aa71ff27fc2769a1b78a27578f13a17b -> 
  custom:container-demuxer-webm: 4f35f7cbe854078d1ac9338744f61a02 -> 
  custom:container-demuxer-ogg: 62fdf1f143b41e24485cea50d1cbac27 -> 
  custom:video-encoder-webm-vp8: eb34c28f22e8b96e1ab97ce403110664 -> 
  custom:video-decoder-webm-vp8: 9c59270c3fd7afecdb556c50c9e8de78 -> 
  custom:audio-decoder-ogg-vorbis: bf7c407c2cedff20999df2af8eb42d56 -> 
  custom:audio-encoder-webm-vorbis: bf7c407c2cedff20999df2af8eb42d56 -> 
========================================================================
Received Import Request.
  Time since last request: 936.487547 seconds.
  path: Assets/GUI/TextMesh Pro
  artifactKey: Guid(f54d1bd14bd3ca042bd867b519fee8cc) Importer(815301076,1909f56bfc062723c751e8b465ee728b)
Start importing Assets/GUI/TextMesh Pro using Guid(f54d1bd14bd3ca042bd867b519fee8cc) Importer(815301076,1909f56bfc062723c751e8b465ee728b)  -> (artifact id: '16b4cbde9565bf190136f1148817e1ea') in 0.010958 seconds 
========================================================================
Received Import Request.
  Time since last request: 3.720471 seconds.
  path: Assets/GUI/TextMesh Pro/Sprites
  artifactKey: Guid(d0603b6d5186471b96c778c3949c7ce2) Importer(815301076,1909f56bfc062723c751e8b465ee728b)
Start importing Assets/GUI/TextMesh Pro/Sprites using Guid(d0603b6d5186471b96c778c3949c7ce2) Importer(815301076,1909f56bfc062723c751e8b465ee728b)  -> (artifact id: 'c825b4ecabc52a724fdd8944d5209777') in 0.019529 seconds 
========================================================================
Received Import Request.
  Time since last request: 8.696090 seconds.
  path: Assets/Models/JMO Assets/Toony Colors Pro
  artifactKey: Guid(00e12e9050cbcdc4a93b1b20ea8f75bb) Importer(815301076,1909f56bfc062723c751e8b465ee728b)
Start importing Assets/Models/JMO Assets/Toony Colors Pro using Guid(00e12e9050cbcdc4a93b1b20ea8f75bb) Importer(815301076,1909f56bfc062723c751e8b465ee728b)  -> (artifact id: '3934463a46f514ed8ff43da027a774cb') in 0.008771 seconds 
========================================================================
Received Import Request.
  Time since last request: 0.908734 seconds.
  path: Assets/Models/JMO Assets/Toony Colors Pro/Textures
  artifactKey: Guid(e548555f076f3824daf7cb10ec7ab532) Importer(815301076,1909f56bfc062723c751e8b465ee728b)
Start importing Assets/Models/JMO Assets/Toony Colors Pro/Textures using Guid(e548555f076f3824daf7cb10ec7ab532) Importer(815301076,1909f56bfc062723c751e8b465ee728b)  -> (artifact id: '0aaa55bc49cb28487891295432fb400e') in 0.008298 seconds 
========================================================================
Received Import Request.
  Time since last request: 0.041708 seconds.
  path: Assets/Models/JMO Assets/Toony Colors Pro/Textures/TCP2_NoTileNoise.png
  artifactKey: Guid(af5515bfe14f1af4a9b8b3bf306b9261) Importer(815301076,1909f56bfc062723c751e8b465ee728b)
Start importing Assets/Models/JMO Assets/Toony Colors Pro/Textures/TCP2_NoTileNoise.png using Guid(af5515bfe14f1af4a9b8b3bf306b9261) Importer(815301076,1909f56bfc062723c751e8b465ee728b)  -> (artifact id: '922f9f5cb944462accac07ab2ddaf673') in 0.106293 seconds 
========================================================================
Received Import Request.
  Time since last request: 1.673053 seconds.
  path: Assets/Models/JMO Assets/Toony Colors Pro/Shaders
  artifactKey: Guid(799115bfa71f16841987349c78d62f11) Importer(815301076,1909f56bfc062723c751e8b465ee728b)
Start importing Assets/Models/JMO Assets/Toony Colors Pro/Shaders using Guid(799115bfa71f16841987349c78d62f11) Importer(815301076,1909f56bfc062723c751e8b465ee728b)  -> (artifact id: 'efed6cecc65f7d37aeb629ccea3f1674') in 0.006468 seconds 
========================================================================
Received Import Request.
  Time since last request: 3.228843 seconds.
  path: Assets/Models/Confetti FX 2
  artifactKey: Guid(86b4dcbca8b9f1d41949c8d477f7048d) Importer(815301076,1909f56bfc062723c751e8b465ee728b)
Start importing Assets/Models/Confetti FX 2 using Guid(86b4dcbca8b9f1d41949c8d477f7048d) Importer(815301076,1909f56bfc062723c751e8b465ee728b)  -> (artifact id: '310176fbb90d94bf349542acd9ee7f8b') in 0.006038 seconds 
========================================================================
Received Import Request.
  Time since last request: 0.053553 seconds.
  path: Assets/Models/Confetti FX 2/ToonConfettiBlastSaturated.prefab
  artifactKey: Guid(8189ff0d94013f7489d23b69ad14f4c1) Importer(815301076,1909f56bfc062723c751e8b465ee728b)
Start importing Assets/Models/Confetti FX 2/ToonConfettiBlastSaturated.prefab using Guid(8189ff0d94013f7489d23b69ad14f4c1) Importer(815301076,1909f56bfc062723c751e8b465ee728b)  -> (artifact id: 'b3d95d91a4516abad121d1c2be409ab8') in 0.047008 seconds 
========================================================================
Received Import Request.
  Time since last request: 1.278014 seconds.
  path: Assets/Models/Confetti FX 2/Textures
  artifactKey: Guid(de416fff596bb2c4b80fe93210f08d23) Importer(815301076,1909f56bfc062723c751e8b465ee728b)
Start importing Assets/Models/Confetti FX 2/Textures using Guid(de416fff596bb2c4b80fe93210f08d23) Importer(815301076,1909f56bfc062723c751e8b465ee728b)  -> (artifact id: 'ba799a52667f5608291a2ded174132e6') in 0.003726 seconds 
========================================================================
Received Import Request.
  Time since last request: 1.801431 seconds.
  path: Assets/Models/Confetti FX 2/Models
  artifactKey: Guid(5b94ab816fe37c7478b24da528a82331) Importer(815301076,1909f56bfc062723c751e8b465ee728b)
Start importing Assets/Models/Confetti FX 2/Models using Guid(5b94ab816fe37c7478b24da528a82331) Importer(815301076,1909f56bfc062723c751e8b465ee728b)  -> (artifact id: '5af0a5a2784e1e2b08cdeefb52a06ca7') in 0.006778 seconds 
========================================================================
Received Import Request.
  Time since last request: 0.333558 seconds.
  path: Assets/Models/Confetti FX 2/Textures/trail_basic.png
  artifactKey: Guid(53d495f1b295d6e4392ec088a5cad2a2) Importer(815301076,1909f56bfc062723c751e8b465ee728b)
Start importing Assets/Models/Confetti FX 2/Textures/trail_basic.png using Guid(53d495f1b295d6e4392ec088a5cad2a2) Importer(815301076,1909f56bfc062723c751e8b465ee728b)  -> (artifact id: '251a9abd82565fb8f21dea8eb12795cd') in 0.012325 seconds 
========================================================================
Received Import Request.
  Time since last request: 2.329260 seconds.
  path: Assets/Models/Confetti FX 2/Materials
  artifactKey: Guid(c9c0de98a4282d949927727fe40baaed) Importer(815301076,1909f56bfc062723c751e8b465ee728b)
Start importing Assets/Models/Confetti FX 2/Materials using Guid(c9c0de98a4282d949927727fe40baaed) Importer(815301076,1909f56bfc062723c751e8b465ee728b)  -> (artifact id: 'e52a6b94e7fd75ea5db3f35587e2c0d2') in 0.003072 seconds 
========================================================================
Received Import Request.
  Time since last request: 0.788926 seconds.
  path: Assets/Models/Confetti FX 2/Materials/Basics
  artifactKey: Guid(7f40832903b2f724d8c203d0009b5e1c) Importer(815301076,1909f56bfc062723c751e8b465ee728b)
Start importing Assets/Models/Confetti FX 2/Materials/Basics using Guid(7f40832903b2f724d8c203d0009b5e1c) Importer(815301076,1909f56bfc062723c751e8b465ee728b)  -> (artifact id: '6c9743c9ea5d6b79d43872179b56b5d6') in 0.007150 seconds 
========================================================================
Received Import Request.
  Time since last request: 0.050565 seconds.
  path: Assets/Models/Confetti FX 2/Materials/Basics/cloud.mat
  artifactKey: Guid(0420ac3879d6b404fb7a12b5b858c58f) Importer(815301076,1909f56bfc062723c751e8b465ee728b)
Start importing Assets/Models/Confetti FX 2/Materials/Basics/cloud.mat using Guid(0420ac3879d6b404fb7a12b5b858c58f) Importer(815301076,1909f56bfc062723c751e8b465ee728b)  -> (artifact id: '765a71d9c537b25e4176c5006148b8d3') in 0.027439 seconds 
========================================================================
Received Import Request.
  Time since last request: 0.000147 seconds.
  path: Assets/Models/Confetti FX 2/Materials/Basics/conf_basic_trail.mat
  artifactKey: Guid(02cccb751f3293248b0c7bf079b384ba) Importer(815301076,1909f56bfc062723c751e8b465ee728b)
Start importing Assets/Models/Confetti FX 2/Materials/Basics/conf_basic_trail.mat using Guid(02cccb751f3293248b0c7bf079b384ba) Importer(815301076,1909f56bfc062723c751e8b465ee728b)  -> (artifact id: '4ecc1a57999900ac8cda452e152c229e') in 0.011967 seconds 
========================================================================
Received Import Request.
  Time since last request: 0.000180 seconds.
  path: Assets/Models/Confetti FX 2/Materials/Basics/conf_basic.mat
  artifactKey: Guid(3c2d2292ed916b14b8bc73f7a5073b4b) Importer(815301076,1909f56bfc062723c751e8b465ee728b)
Start importing Assets/Models/Confetti FX 2/Materials/Basics/conf_basic.mat using Guid(3c2d2292ed916b14b8bc73f7a5073b4b) Importer(815301076,1909f56bfc062723c751e8b465ee728b)  -> (artifact id: '38235dad7fdb93bcbf4c25acfe963a3f') in 0.014890 seconds 
========================================================================
Received Prepare
Registering precompiled user dll's ...
Registered in 0.003712 seconds.
Begin MonoManager ReloadAssembly
Native extension for WindowsStandalone target not found
Native extension for OSXStandalone target not found
Native extension for WebGL target not found
Refreshing native plugins compatible for Editor in 0.53 ms, found 5 plugins.
Preloading 0 native plugins for Editor in 0.00 ms.
Mono: successfully reloaded assembly
- Completed reload, in  0.874 seconds
Domain Reload Profiling:
	ReloadAssembly (875ms)
		BeginReloadAssembly (98ms)
			ExecutionOrderSort (0ms)
			DisableScriptedObjects (3ms)
			BackupInstance (0ms)
			ReleaseScriptingObjects (0ms)
			CreateAndSetChildDomain (32ms)
		EndReloadAssembly (719ms)
			LoadAssemblies (73ms)
			RebuildTransferFunctionScriptingTraits (0ms)
			SetupTypeCache (232ms)
			ReleaseScriptCaches (1ms)
			RebuildScriptCaches (39ms)
			SetupLoadedEditorAssemblies (292ms)
				LogAssemblyErrors (0ms)
				InitializePlatformSupportModulesInManaged (5ms)
				SetLoadedEditorAssemblies (0ms)
				RefreshPlugins (1ms)
				BeforeProcessingInitializeOnLoad (65ms)
				ProcessInitializeOnLoadAttributes (203ms)
				ProcessInitializeOnLoadMethodAttributes (11ms)
				AfterProcessingInitializeOnLoad (6ms)
				EditorAssembliesLoaded (0ms)
			ExecutionOrderSort2 (0ms)
			AwakeInstancesAfterBackupRestoration (8ms)
Platform modules already initialized, skipping
Refreshing native plugins compatible for Editor in 0.51 ms, found 5 plugins.
Preloading 0 native plugins for Editor in 0.00 ms.
Unloading 1680 Unused Serialized files (Serialized files now loaded: 0)
System memory in use before: 87.0 MB.
System memory in use after: 87.1 MB.

Unloading 18 unused Assets to reduce memory usage. Loaded Objects now: 2224.
Total: 3.022300 ms (FindLiveObjects: 0.179600 ms CreateObjectMapping: 0.040800 ms MarkObjects: 2.767300 ms  DeleteObjects: 0.033600 ms)

AssetImportParameters requested are different than current active one (requested -> active):
  custom:framework-win-MediaFoundation: 216162199b28c13a410421893ffa2e32 -> 
  custom:video-decoder-ogg-theora: a1e56fd34408186e4bbccfd4996cb3dc -> 
  custom:container-muxer-webm: aa71ff27fc2769a1b78a27578f13a17b -> 
  custom:container-demuxer-webm: 4f35f7cbe854078d1ac9338744f61a02 -> 
  custom:container-demuxer-ogg: 62fdf1f143b41e24485cea50d1cbac27 -> 
  custom:video-encoder-webm-vp8: eb34c28f22e8b96e1ab97ce403110664 -> 
  custom:video-decoder-webm-vp8: 9c59270c3fd7afecdb556c50c9e8de78 -> 
  custom:audio-decoder-ogg-vorbis: bf7c407c2cedff20999df2af8eb42d56 -> 
  custom:audio-encoder-webm-vorbis: bf7c407c2cedff20999df2af8eb42d56 -> 
